TN:
SF:script/DeployPrivacy.s.sol
DA:32,1
FN:32,DeployPrivacy.run
FNDA:1,DeployPrivacy.run
DA:33,1
DA:34,1
DA:35,1
DA:36,1
DA:37,1
DA:38,1
DA:39,1
DA:40,1
DA:42,1
DA:44,1
DA:52,1
DA:61,1
BRDA:61,0,0,1
DA:62,1
DA:65,1
DA:67,1
FNF:1
FNH:1
LF:16
LH:16
BRF:1
BRH:1
end_of_record
TN:
SF:script/SetupPaymaster.s.sol
DA:25,0
FN:25,SetupPaymaster.run
FNDA:0,SetupPaymaster.run
DA:26,0
DA:27,0
DA:28,0
DA:29,0
DA:30,0
DA:31,0
DA:33,0
DA:34,0
DA:36,0
DA:40,0
DA:44,0
DA:46,0
FNF:1
FNH:0
LF:13
LH:0
BRF:0
BRH:0
end_of_record
TN:
SF:src/PrivacyPaymaster.sol
DA:83,6
FN:83,PrivacyPaymaster.constructor
FNDA:6,PrivacyPaymaster.constructor
DA:90,6
DA:91,6
DA:92,6
DA:94,6
DA:101,6
FN:101,PrivacyPaymaster.setApprovedSender
FNDA:6,PrivacyPaymaster.setApprovedSender
DA:105,6
DA:106,6
DA:110,0
FN:110,PrivacyPaymaster.setFeeToken
FNDA:0,PrivacyPaymaster.setFeeToken
DA:111,0
DA:112,0
BRDA:112,0,0,-
DA:113,0
BRDA:113,1,0,-
BRDA:113,1,1,-
DA:116,0
DA:120,2
FN:120,PrivacyPaymaster.sweep
FNDA:2,PrivacyPaymaster.sweep
DA:121,1
DA:122,1
BRDA:122,2,0,-
BRDA:122,2,1,1
DA:126,2
FN:126,PrivacyPaymaster._validatePaymasterUserOp
FNDA:2,PrivacyPaymaster._validatePaymasterUserOp
DA:136,2
BRDA:136,3,0,1
DA:137,1
DA:140,1
DA:142,1
BRDA:142,4,0,-
DA:144,1
DA:151,1
DA:155,1
DA:159,1
BRDA:159,5,0,-
DA:160,0
DA:164,1
DA:165,1
DA:168,1
BRDA:168,6,0,-
DA:169,0
DA:172,1
DA:173,1
DA:176,1
FN:176,PrivacyPaymaster._postOp
FNDA:1,PrivacyPaymaster._postOp
DA:182,1
DA:187,1
DA:189,1
DA:192,1
BRDA:192,7,0,-
DA:194,1
DA:200,1
BRDA:200,8,0,1
BRDA:200,8,1,-
DA:202,1
DA:210,0
BRDA:210,9,0,-
DA:221,0
FN:221,PrivacyPaymaster.safeTransferSelf
FNDA:0,PrivacyPaymaster.safeTransferSelf
DA:226,0
BRDA:226,10,0,-
DA:227,0
DA:231,0
FN:231,PrivacyPaymaster._quoteWeiInToken
FNDA:0,PrivacyPaymaster._quoteWeiInToken
DA:235,0
FNF:8
FNH:5
LF:46
LH:33
BRF:14
BRH:3
end_of_record
TN:
SF:src/accounts/BasePrivacyAccount.sol
DA:33,24
FN:33,BasePrivacyAccount.constructor
FNDA:24,BasePrivacyAccount.constructor
DA:34,24
DA:35,24
DA:39,2
FN:39,BasePrivacyAccount.validateUserOp
FNDA:2,BasePrivacyAccount.validateUserOp
DA:46,2
BRDA:46,0,0,1
DA:47,1
DA:51,8
FN:51,BasePrivacyAccount.execute
FNDA:8,BasePrivacyAccount.execute
DA:55,8
BRDA:55,1,0,1
DA:59,7
DA:60,7
BRDA:60,2,0,1
DA:64,6
DA:65,6
DA:66,5
DA:68,5
DA:69,5
BRDA:69,3,0,3
FNF:3
FNH:3
LF:15
LH:15
BRF:4
BRH:4
end_of_record
TN:
SF:src/accounts/PrivacyPoolsAccount.sol
DA:23,0
FN:23,PrivacyPoolsAccount.evaluateUserOperation
FNDA:0,PrivacyPoolsAccount.evaluateUserOperation
DA:41,0
FNF:1
FNH:0
LF:2
LH:0
BRF:0
BRH:0
end_of_record
TN:
SF:src/accounts/RailgunAccount.sol
DA:25,0
FN:25,RailgunAccount.evaluateUserOperation
FNDA:0,RailgunAccount.evaluateUserOperation
DA:47,0
FNF:1
FNH:0
LF:2
LH:0
BRF:0
BRH:0
end_of_record
TN:
SF:src/accounts/TornadoAccount.sol
DA:30,24
FN:30,TornadoAccount.constructor
FNDA:24,TornadoAccount.constructor
DA:35,24
DA:36,24
DA:57,11
FN:57,TornadoAccount.evaluateUserOperation
FNDA:11,TornadoAccount.evaluateUserOperation
DA:65,11
DA:66,11
DA:68,10
BRDA:68,0,0,1
DA:69,9
BRDA:69,1,0,1
DA:70,8
BRDA:70,2,0,1
DA:71,7
BRDA:71,3,0,1
DA:73,6
DA:74,1
BRDA:74,4,0,1
DA:75,5
BRDA:75,5,0,1
DA:77,4
DA:87,2
DA:88,2
DA:89,2
DA:93,11
FN:93,TornadoAccount._decode
FNDA:11,TornadoAccount._decode
DA:96,11
DA:97,1
BRDA:97,6,0,1
DA:99,10
DA:113,4
FN:113,TornadoAccount._verifyProof
FNDA:4,TornadoAccount._verifyProof
DA:122,4
DA:123,4
BRDA:123,7,0,4
DA:124,4
DA:136,3
BRDA:136,8,0,1
DA:137,1
BRDA:137,7,1,1
DA:138,1
FNF:4
FNH:4
LF:28
LH:28
BRF:10
BRH:10
end_of_record
TN:
SF:test/helpers/CallReverter.sol
DA:7,4
FN:7,CallReverter.fallback
FNDA:4,CallReverter.fallback
DA:8,4
FNF:1
FNH:1
LF:2
LH:2
BRF:0
BRH:0
end_of_record
TN:
SF:test/helpers/RevertingReceiver.sol
DA:8,0
FN:8,RevertingReceiver.receive
FNDA:0,RevertingReceiver.receive
DA:9,0
FNF:1
FNH:0
LF:2
LH:0
BRF:0
BRH:0
end_of_record
