TN:
SF:script/DeployPrivacy.s.sol
DA:32,1
FN:32,DeployPrivacy.run
FNDA:1,DeployPrivacy.run
DA:33,1
DA:34,1
DA:35,1
DA:36,1
DA:37,1
DA:38,1
DA:39,1
DA:40,1
DA:42,1
DA:44,1
DA:52,1
DA:61,1
BRDA:61,0,0,1
DA:62,1
DA:65,1
DA:67,1
FNF:1
FNH:1
LF:16
LH:16
BRF:1
BRH:1
end_of_record
TN:
SF:script/SetupPaymaster.s.sol
DA:25,0
FN:25,SetupPaymaster.run
FNDA:0,SetupPaymaster.run
DA:26,0
DA:27,0
DA:28,0
DA:29,0
DA:30,0
DA:31,0
DA:33,0
DA:34,0
DA:36,0
DA:40,0
DA:44,0
DA:46,0
FNF:1
FNH:0
LF:13
LH:0
BRF:0
BRH:0
end_of_record
TN:
SF:src/PrivacyPaymaster.sol
DA:83,7
FN:83,PrivacyPaymaster.constructor
FNDA:7,PrivacyPaymaster.constructor
DA:90,7
DA:91,7
DA:92,7
DA:94,7
DA:101,7
FN:101,PrivacyPaymaster.setApprovedSender
FNDA:7,PrivacyPaymaster.setApprovedSender
DA:105,7
DA:106,7
DA:110,0
FN:110,PrivacyPaymaster.setFeeToken
FNDA:0,PrivacyPaymaster.setFeeToken
DA:111,0
BRDA:111,0,0,-
DA:112,0
BRDA:112,1,0,-
BRDA:112,1,1,-
DA:114,0
DA:115,0
DA:119,2
FN:119,PrivacyPaymaster.sweep
FNDA:2,PrivacyPaymaster.sweep
DA:120,1
DA:121,1
BRDA:121,2,0,-
BRDA:121,2,1,1
DA:125,3
FN:125,PrivacyPaymaster._validatePaymasterUserOp
FNDA:3,PrivacyPaymaster._validatePaymasterUserOp
DA:136,3
BRDA:136,3,0,1
DA:137,1
DA:141,2
BRDA:141,4,0,-
DA:142,0
DA:144,2
DA:151,2
DA:155,2
BRDA:155,5,0,-
DA:156,0
DA:160,2
DA:161,2
DA:164,2
BRDA:164,6,0,-
DA:165,0
DA:168,2
DA:170,2
DA:171,2
DA:174,2
FN:174,PrivacyPaymaster._postOp
FNDA:2,PrivacyPaymaster._postOp
DA:180,2
DA:185,2
DA:187,2
DA:190,2
BRDA:190,7,0,-
DA:192,2
DA:198,2
BRDA:198,8,0,2
BRDA:198,8,1,-
DA:200,2
DA:208,0
BRDA:208,9,0,-
DA:219,0
FN:219,PrivacyPaymaster.safeTransferSelf
FNDA:0,PrivacyPaymaster.safeTransferSelf
DA:224,0
BRDA:224,10,0,-
DA:225,0
DA:229,0
FN:229,PrivacyPaymaster._quoteWeiInToken
FNDA:0,PrivacyPaymaster._quoteWeiInToken
DA:233,0
DA:244,2
FN:244,PrivacyPaymaster._readDestination
FNDA:2,PrivacyPaymaster._readDestination
DA:247,2
BRDA:247,11,0,-
DA:248,0
DA:250,2
FNF:9
FNH:6
LF:50
LH:35
BRF:15
BRH:3
end_of_record
TN:
SF:src/accounts/BasePrivacyAccount.sol
DA:33,25
FN:33,BasePrivacyAccount.constructor
FNDA:25,BasePrivacyAccount.constructor
DA:34,25
DA:35,25
DA:39,3
FN:39,BasePrivacyAccount.validateUserOp
FNDA:3,BasePrivacyAccount.validateUserOp
DA:46,3
BRDA:46,0,0,1
DA:47,2
DA:51,9
FN:51,BasePrivacyAccount.execute
FNDA:9,BasePrivacyAccount.execute
DA:55,9
BRDA:55,1,0,1
DA:59,8
DA:60,8
BRDA:60,2,0,1
DA:64,7
DA:65,7
DA:66,5
DA:68,5
DA:69,5
BRDA:69,3,0,3
FNF:3
FNH:3
LF:15
LH:15
BRF:4
BRH:4
end_of_record
TN:
SF:src/accounts/PrivacyPoolsAccount.sol
DA:23,0
FN:23,PrivacyPoolsAccount.evaluateUserOperation
FNDA:0,PrivacyPoolsAccount.evaluateUserOperation
DA:36,0
FNF:1
FNH:0
LF:2
LH:0
BRF:0
BRH:0
end_of_record
TN:
SF:src/accounts/RailgunAccount.sol
DA:25,0
FN:25,RailgunAccount.evaluateUserOperation
FNDA:0,RailgunAccount.evaluateUserOperation
DA:42,0
FNF:1
FNH:0
LF:2
LH:0
BRF:0
BRH:0
end_of_record
TN:
SF:src/accounts/TornadoAccount.sol
DA:28,25
FN:28,TornadoAccount.constructor
FNDA:25,TornadoAccount.constructor
DA:33,25
DA:47,12
FN:47,TornadoAccount.evaluateUserOperation
FNDA:12,TornadoAccount.evaluateUserOperation
DA:50,12
DA:51,12
DA:53,11
BRDA:53,0,0,1
DA:54,10
BRDA:54,1,0,1
DA:55,9
BRDA:55,2,0,1
DA:56,8
BRDA:56,3,0,1
DA:58,7
DA:59,7
BRDA:59,4,0,1
DA:60,6
BRDA:60,5,0,1
DA:62,5
DA:73,3
DA:74,3
DA:78,12
FN:78,TornadoAccount._decode
FNDA:12,TornadoAccount._decode
DA:81,12
DA:82,1
BRDA:82,6,0,1
DA:84,11
DA:98,5
FN:98,TornadoAccount._verifyProof
FNDA:5,TornadoAccount._verifyProof
DA:108,5
DA:109,5
BRDA:109,7,0,5
DA:110,5
DA:122,4
BRDA:122,8,0,1
DA:123,1
BRDA:123,7,1,1
DA:124,1
FNF:4
FNH:4
LF:26
LH:26
BRF:10
BRH:10
end_of_record
TN:
SF:test/helpers/CallReverter.sol
DA:7,4
FN:7,CallReverter.fallback
FNDA:4,CallReverter.fallback
DA:8,4
FNF:1
FNH:1
LF:2
LH:2
BRF:0
BRH:0
end_of_record
TN:
SF:test/helpers/RevertingReceiver.sol
DA:8,1
FN:8,RevertingReceiver.receive
FNDA:1,RevertingReceiver.receive
DA:9,1
FNF:1
FNH:1
LF:2
LH:2
BRF:0
BRH:0
end_of_record
