TN:
SF:script/DeployPaymaster.s.sol
DA:12,0
FN:12,DeployPaymaster.run
FNDA:0,DeployPaymaster.run
DA:13,0
DA:14,0
DA:15,0
DA:16,0
DA:17,0
DA:19,0
DA:22,4
FN:22,DeployPaymaster.deploy
FNDA:4,DeployPaymaster.deploy
DA:29,4
DA:31,4
DA:32,4
DA:39,4
FNF:2
FNH:1
LF:12
LH:5
BRF:0
BRH:0
end_of_record
TN:
SF:script/DeployTornado.s.sol
DA:13,0
FN:13,DeployTornado.run
FNDA:0,DeployTornado.run
DA:14,0
DA:15,0
DA:16,0
DA:18,0
DA:21,4
FN:21,DeployTornado.deploy
FNDA:4,DeployTornado.deploy
DA:26,4
DA:27,4
DA:28,4
DA:32,4
DA:33,4
DA:39,4
DA:40,4
DA:42,4
FNF:2
FNH:1
LF:14
LH:9
BRF:0
BRH:0
end_of_record
TN:
SF:script/StakePaymaster.s.sol
DA:11,0
FN:11,StakePaymaster.run
FNDA:0,StakePaymaster.run
DA:12,0
DA:13,0
DA:14,0
DA:15,0
DA:16,0
DA:18,0
DA:27,4
FN:27,StakePaymaster.stake
FNDA:4,StakePaymaster.stake
DA:34,4
DA:35,4
DA:37,4
DA:38,4
DA:40,4
DA:41,4
FNF:2
FNH:1
LF:14
LH:7
BRF:0
BRH:0
end_of_record
TN:
SF:src/PrivacyPaymaster.sol
DA:63,4
FN:63,PrivacyPaymaster.constructor
FNDA:4,PrivacyPaymaster.constructor
DA:70,4
DA:71,4
DA:72,4
DA:74,4
DA:81,4
FN:81,PrivacyPaymaster.setApprovedSender
FNDA:4,PrivacyPaymaster.setApprovedSender
DA:85,4
DA:86,4
DA:90,0
FN:90,PrivacyPaymaster.setFeeToken
FNDA:0,PrivacyPaymaster.setFeeToken
DA:91,0
DA:92,0
BRDA:92,0,0,-
DA:93,0
BRDA:93,1,0,-
BRDA:93,1,1,-
DA:96,0
DA:100,2
FN:100,PrivacyPaymaster.sweep
FNDA:2,PrivacyPaymaster.sweep
DA:101,1
DA:102,1
BRDA:102,2,0,-
BRDA:102,2,1,1
DA:106,1
FN:106,PrivacyPaymaster._validatePaymasterUserOp
FNDA:1,PrivacyPaymaster._validatePaymasterUserOp
DA:116,1
BRDA:116,3,0,-
DA:117,0
DA:120,1
DA:122,1
BRDA:122,4,0,-
DA:124,1
DA:129,1
DA:131,1
BRDA:131,5,0,-
DA:132,0
DA:136,1
DA:140,1
BRDA:140,6,0,-
DA:141,0
DA:144,1
DA:145,1
DA:149,0
FN:149,PrivacyPaymaster._quoteWeiInToken
FNDA:0,PrivacyPaymaster._quoteWeiInToken
DA:153,0
FNF:6
FNH:4
LF:32
LH:22
BRF:9
BRH:1
end_of_record
TN:
SF:src/accounts/BasePrivacyAccount.sol
DA:33,15
FN:33,BasePrivacyAccount.constructor
FNDA:15,BasePrivacyAccount.constructor
DA:34,15
DA:35,15
DA:39,1
FN:39,BasePrivacyAccount.validateUserOp
FNDA:1,BasePrivacyAccount.validateUserOp
DA:46,1
BRDA:46,0,0,-
DA:47,1
DA:60,1
FN:60,BasePrivacyAccount.execute
FNDA:1,BasePrivacyAccount.execute
DA:64,1
BRDA:64,1,0,-
DA:68,1
DA:69,1
BRDA:69,2,0,-
DA:73,1
DA:74,1
DA:75,0
DA:77,0
DA:78,0
BRDA:78,3,0,-
FNF:3
FNH:3
LF:15
LH:12
BRF:4
BRH:0
end_of_record
TN:
SF:src/accounts/TornadoAccount.sol
DA:30,15
FN:30,TornadoAccount.constructor
FNDA:15,TornadoAccount.constructor
DA:35,15
DA:36,15
DA:37,15
DA:51,12
FN:51,TornadoAccount.previewUnshield
FNDA:12,TornadoAccount.previewUnshield
DA:54,12
DA:55,12
DA:57,11
BRDA:57,0,0,1
DA:58,10
BRDA:58,1,0,1
DA:59,9
BRDA:59,2,0,1
DA:60,8
BRDA:60,3,0,1
DA:61,7
BRDA:61,4,0,1
DA:63,6
DA:64,1
BRDA:64,5,0,1
DA:65,5
BRDA:65,6,0,1
DA:67,4
DA:77,2
DA:78,2
DA:82,12
FN:82,TornadoAccount._decode
FNDA:12,TornadoAccount._decode
DA:85,12
DA:86,1
BRDA:86,7,0,1
DA:88,11
DA:102,4
FN:102,TornadoAccount._verifyProof
FNDA:4,TornadoAccount._verifyProof
DA:111,4
DA:112,4
BRDA:112,8,0,4
DA:113,4
DA:125,3
BRDA:125,9,0,1
DA:126,1
BRDA:126,8,1,1
DA:127,1
FNF:4
FNH:4
LF:29
LH:29
BRF:11
BRH:11
end_of_record
TN:
SF:test/BasePrivacyAccount.t.sol
DA:127,0
FN:127,CallReverter.fallback
FNDA:0,CallReverter.fallback
DA:128,0
FNF:1
FNH:0
LF:2
LH:0
BRF:0
BRH:0
end_of_record
